19:17:30.590 > CAN Driver installed
19:17:30.590 > CAN Driver started
19:17:30.590 > Finished initialization
19:17:32.615 > 送信したメッセージ: a
19:17:33.732 > 送信したメッセージ: b
19:17:34.657 > 送信したメッセージ: c
19:17:35.120 > 送信したメッセージ: d
19:17:35.694 > 送信したメッセージ: e
19:17:35.966 > 送信したメッセージ: f
19:17:37.370 > [ERROR] Failed to send message: ESP_ERR_TIMEOUT
19:17:37.386 > 送信したメッセージ: g
19:17:38.614 > [ERROR] Failed to send message: ESP_ERR_TIMEOUT
19:17:38.630 > 送信したメッセージ: g
19:17:39.615 > [ERROR] Failed to send message: ESP_ERR_TIMEOUT
19:17:39.616 > 送信したメッセージ: h
19:17:40.616 > [ERROR] Failed to send message: ESP_ERR_TIMEOUT
19:17:40.616 > 送信したメッセージ: i
19:17:41.615 > [ERROR] Failed to send message: ESP_ERR_TIMEOUT
19:17:41.616 > 送信したメッセージ: j
19:17:42.616 > [ERROR] Failed to send message: ESP_ERR_TIMEOUT
19:17:42.616 > 送信したメッセージ: k
19:19:55.212 > [ERROR] Failed to send message: ESP_ERR_INVALID_STATE
19:19:55.213 > 送信したメッセージ: a
19:19:58.913 > [ERROR] Failed to send message: ESP_ERR_INVALID_STATE
19:19:58.929 > 送信したメッセージ: d
19:20:51.842 > [ERROR] Failed to send message: ESP_ERR_INVALID_STATE
19:20:51.842 > 送信したメッセージ: a
19:20:53.149 > [ERROR] Failed to send message: ESP_ERR_INVALID_STATE
19:20:53.155 > 送信したメッセージ: b
19:20:53.585 > [ERROR] Failed to send message: ESP_ERR_INVALID_STATE
19:20:53.586 > 送信したメッセージ: c
19:20:53.805 > [ERROR] Failed to send message: ESP_ERR_INVALID_STATE
19:20:53.806 > 送信したメッセージ: d
19:20:54.077 > [ERROR] Failed to send message: ESP_ERR_INVALID_STATE
19:20:54.077 > 送信したメッセージ: e
19:20:54.437 > [ERROR] Failed to send message: ESP_ERR_INVALID_STATE
19:20:54.437 > 送信したメッセージ: f
19:20:54.947 > [ERROR] Failed to send message: ESP_ERR_INVALID_STATE
19:20:54.952 > 送信したメッセージ: g
