19:22:39.404 > CAN Driver installed
19:22:39.420 > CAN Driver started
19:22:39.420 > Finished initialization
19:22:42.211 > 送信したメッセージ: k
19:22:43.822 > 送信したメッセージ: a
19:22:45.322 > 送信したメッセージ: b
19:22:45.912 > 送信したメッセージ: d
19:22:46.583 > 送信したメッセージ: o
19:22:47.109 > 送信したメッセージ: e
19:22:48.762 > [ERROR] Failed to send message: ESP_ERR_TIMEOUT
19:22:48.762 > 送信したメッセージ: j
19:22:49.763 > [ERROR] Failed to send message: ESP_ERR_TIMEOUT
19:22:49.764 > 送信したメッセージ: j
19:22:52.674 > [ERROR] Failed to send message: ESP_ERR_TIMEOUT
19:22:52.675 > 送信したメッセージ: a
19:22:54.566 > [ERROR] Failed to send message: ESP_ERR_TIMEOUT
19:22:54.567 > 送信したメッセージ: e
19:22:56.171 > [ERROR] Failed to send message: ESP_ERR_TIMEOUT
19:22:56.172 > 送信したメッセージ: d
19:22:57.532 > [ERROR] Failed to send message: ESP_ERR_TIMEOUT
19:22:57.535 > 送信したメッセージ: g
19:22:58.750 > [ERROR] Failed to send message: ESP_ERR_TIMEOUT
19:22:58.751 > 送信したメッセージ: k
19:22:59.811 > [ERROR] Failed to send message: ESP_ERR_TIMEOUT
19:22:59.812 > 送信したメッセージ: j
19:23:00.811 > [ERROR] Failed to send message: ESP_ERR_TIMEOUT
19:23:00.812 > 送信したメッセージ: j
19:23:01.811 > [ERROR] Failed to send message: ESP_ERR_TIMEOUT
19:23:01.812 > 送信したメッセージ: j
19:23:02.811 > [ERROR] Failed to send message: ESP_ERR_TIMEOUT
19:23:02.812 > 送信したメッセージ: j
19:23:03.811 > [ERROR] Failed to send message: ESP_ERR_TIMEOUT
19:23:03.812 > 送信したメッセージ: j
19:23:04.811 > [ERROR] Failed to send message: ESP_ERR_TIMEOUT
19:23:04.812 > 送信したメッセージ: j
19:23:05.811 > [ERROR] Failed to send message: ESP_ERR_TIMEOUT
19:23:05.812 > 送信したメッセージ: j
19:23:06.811 > [ERROR] Failed to send message: ESP_ERR_TIMEOUT
19:23:06.812 > 送信したメッセージ: j
19:23:07.811 > [ERROR] Failed to send message: ESP_ERR_TIMEOUT
19:23:07.812 > 送信したメッセージ: j
19:23:08.811 > [ERROR] Failed to send message: ESP_ERR_TIMEOUT
19:23:08.812 > 送信したメッセージ: j
19:23:09.811 > [ERROR] Failed to send message: ESP_ERR_TIMEOUT
19:23:09.812 > 送信したメッセージ: j
19:23:10.812 > [ERROR] Failed to send message: ESP_ERR_TIMEOUT
19:23:10.812 > 送信したメッセージ: j
19:23:11.811 > [ERROR] Failed to send message: ESP_ERR_TIMEOUT
19:23:11.811 > 送信したメッセージ: j
19:23:12.811 > [ERROR] Failed to send message: ESP_ERR_TIMEOUT
19:23:12.812 > 送信したメッセージ: j
19:23:13.812 > [ERROR] Failed to send message: ESP_ERR_TIMEOUT
19:23:13.812 > 送信したメッセージ: j
19:23:14.811 > [ERROR] Failed to send message: ESP_ERR_TIMEOUT
19:23:14.811 > 送信したメッセージ: j
19:23:15.812 > [ERROR] Failed to send message: ESP_ERR_TIMEOUT
19:23:15.812 > 送信したメッセージ: j
19:23:16.811 > [ERROR] Failed to send message: ESP_ERR_TIMEOUT
19:23:16.812 > 送信したメッセージ: j
19:23:17.812 > [ERROR] Failed to send message: ESP_ERR_TIMEOUT
19:23:17.812 > 送信したメッセージ: j
19:23:18.811 > [ERROR] Failed to send message: ESP_ERR_TIMEOUT
19:23:18.812 > 送信したメッセージ: j
19:23:19.812 > [ERROR] Failed to send message: ESP_ERR_TIMEOUT
19:23:19.812 > 送信したメッセージ: j
19:23:20.812 > [ERROR] Failed to send message: ESP_ERR_TIMEOUT
19:23:20.812 > 送信したメッセージ: j
19:23:21.812 > [ERROR] Failed to send message: ESP_ERR_TIMEOUT
19:23:21.812 > 送信したメッセージ: j
19:23:22.812 > [ERROR] Failed to send message: ESP_ERR_TIMEOUT
19:23:22.812 > 送信したメッセージ: j
19:23:23.812 > [ERROR] Failed to send message: ESP_ERR_TIMEOUT
19:23:23.812 > 送信したメッセージ: j
19:23:24.812 > [ERROR] Failed to send message: ESP_ERR_TIMEOUT
19:23:24.812 > 送信したメッセージ: j
19:23:25.812 > [ERROR] Failed to send message: ESP_ERR_TIMEOUT
19:23:25.812 > 送信したメッセージ: j
19:23:26.812 > [ERROR] Failed to send message: ESP_ERR_TIMEOUT
19:23:26.812 > 送信したメッセージ: a
19:23:27.812 > [ERROR] Failed to send message: ESP_ERR_TIMEOUT
19:23:27.812 > 送信したメッセージ: s
19:23:28.812 > [ERROR] Failed to send message: ESP_ERR_TIMEOUT
19:23:28.812 > 送信したメッセージ: d
19:23:29.812 > [ERROR] Failed to send message: ESP_ERR_TIMEOUT
19:23:29.812 > 送信したメッセージ: f
