18:35:34.408 > CAN Driver installed
18:35:34.408 > CAN Driver started
18:35:34.408 > Finished initialization
18:35:37.710 > 送信したメッセージ: 
18:35:37.726 > 送信したメッセージ: 
18:35:37.726 > 
18:35:38.667 > 送信したメッセージ: 
18:35:38.683 > 送信したメッセージ: 
18:35:38.683 > 
18:35:39.815 > 送信したメッセージ: a
18:35:41.235 > 送信したメッセージ: b
18:35:42.808 > [ERROR] Failed to send message
18:35:42.808 > 送信したメッセージ: c
18:35:52.100 > [ERROR] Failed to send message
18:35:52.100 > 送信したメッセージ: a
18:35:52.833 > [ERROR] Failed to send message
18:35:52.834 > 送信したメッセージ: b
18:35:53.104 > [ERROR] Failed to send message
18:35:53.104 > 送信したメッセージ: c
18:35:53.434 > [ERROR] Failed to send message
18:35:53.434 > 送信したメッセージ: d
18:35:53.777 > [ERROR] Failed to send message
18:35:53.777 > 送信したメッセージ: e
18:35:54.079 > [ERROR] Failed to send message
18:35:54.080 > 送信したメッセージ: f
18:35:54.541 > [ERROR] Failed to send message
18:35:54.541 > 送信したメッセージ: g
