10:18:56.817 > setup
10:18:56.817 > [    18][E][esp32-hal-gpio.c:176] __digitalWrite(): IO 0 is not set as GPIO.
10:18:56.823 > [    25][E][esp32-hal-gpio.c:176] __digitalWrite(): IO 0 is not set as GPIO.
10:18:56.828 > [    32][E][esp32-hal-gpio.c:176] __digitalWrite(): IO 0 is not set as GPIO.
10:18:56.833 > [    39][E][esp32-hal-gpio.c:176] __digitalWrite(): IO 0 is not set as GPIO.
10:18:56.845 > [    46][E][esp32-hal-gpio.c:176] __digitalWrite(): IO 0 is not set as GPIO.
10:18:56.850 > [    53][E][esp32-hal-gpio.c:176] __digitalWrite(): IO 0 is not set as GPIO.
10:18:56.856 > [    60][E][esp32-hal-gpio.c:176] __digitalWrite(): IO 0 is not set as GPIO.
10:18:56.861 > [    67][E][esp32-hal-gpio.c:176] __digitalWrite(): IO 0 is not set as GPIO.
10:18:56.872 > [    73][E][esp32-hal-gpio.c:176] __digitalWrite(): IO 0 is not set as GPIO.
10:18:56.877 > [    80][E][esp32-hal-gpio.c:176] __digitalWrite(): IO 0 is not set as GPIO.
10:18:56.883 > [    87][E][esp32-hal-gpio.c:176] __digitalWrite(): IO 0 is not set as GPIO.
10:18:56.888 > [    94][E][esp32-hal-gpio.c:176] __digitalWrite(): IO 0 is not set as GPIO.
10:18:56.899 > [   101][E][esp32-hal-gpio.c:176] __digitalWrite(): IO 0 is not set as GPIO.
10:18:56.904 > [   108][E][esp32-hal-gpio.c:176] __digitalWrite(): IO 0 is not set as GPIO.
10:18:56.910 > SensorManager::begin
10:18:56.915 > [   115][E][esp32-hal-periman.c:180] perimanGetPinBus(): Invalid pin: 255
10:18:56.920 > [   123][E][esp32-hal-periman.c:122] perimanSetPinBus(): Invalid pin: 255
10:18:56.926 > [   129][E][esp32-hal-ledc.c:101] ledcAttachChannel(): Pin 255 is already attached to another bus and failed to detach
10:18:56.947 > actuatorController.begin
